<?xml version="1.0" encoding="UTF-8"?>
<!-- Generated by org.testng.reporters.JUnitReportReporter -->
<testsuite hostname="LAPTOP-UMGIKAS2" failures="0" tests="3" name="testcases.ValidLoginTest" time="50.137" errors="0" timestamp="2025-09-11T15:16:28 IST" skipped="0">
  <testcase classname="testcases.ValidLoginTest" name="loginWithMultipleUsers" time="17.973"/>
  <system-out/>
  <testcase classname="testcases.ValidLoginTest" name="loginWithMultipleUsers" time="15.905"/>
  <system-out/>
  <testcase classname="testcases.ValidLoginTest" name="loginWithMultipleUsers" time="16.259"/>
  <system-out/>
</testsuite> <!-- testcases.ValidLoginTest -->
