<?xml version="1.0" encoding="UTF-8"?>
<!-- Generated by org.testng.reporters.JUnitReportReporter -->
<testsuite hostname="LAPTOP-UMGIKAS2" failures="0" tests="1" name="runners.TestRunner" time="7.284" errors="0" timestamp="2025-09-11T15:45:08 IST" skipped="0">
  <testcase classname="runners.TestRunner" name="runScenario" time="7.284"/>
</testsuite> <!-- runners.TestRunner -->
