<?xml version="1.0" encoding="UTF-8"?>
<!-- Generated by org.testng.reporters.JUnitReportReporter -->
<testsuite hostname="LAPTOP-UMGIKAS2" failures="0" tests="1" name="runners.TestRunner" time="12.390" errors="0" timestamp="2025-09-11T16:57:31 IST" skipped="0">
  <testcase classname="runners.TestRunner" name="runScenario" time="12.390"/>
</testsuite> <!-- runners.TestRunner -->
