<?xml version="1.0" encoding="UTF-8"?>
<!-- Generated by org.testng.reporters.JUnitReportReporter -->
<testsuite hostname="LAPTOP-UMGIKAS2" failures="0" tests="1" name="runners.TestRunner" time="7.294" errors="0" timestamp="2025-09-11T17:11:18 IST" skipped="0">
  <testcase classname="runners.TestRunner" name="runScenario" time="7.294"/>
</testsuite> <!-- runners.TestRunner -->
