<?xml version="1.0" encoding="UTF-8"?>
<!-- Generated by org.testng.reporters.JUnitReportReporter -->
<testsuite hostname="LAPTOP-UMGIKAS2" failures="0" tests="1" name="testcases.ValidateAPIAndUILoginTest" time="14.812" errors="0" timestamp="2025-07-14T11:20:53 IST" skipped="0">
  <testcase classname="testcases.ValidateAPIAndUILoginTest" name="validateApiResponseAndUILoad" time="14.812"/>
  <system-out/>
</testsuite> <!-- testcases.ValidateAPIAndUILoginTest -->
