<?xml version="1.0" encoding="UTF-8"?>
<!-- Generated by org.testng.reporters.JUnitReportReporter -->
<testsuite hostname="LAPTOP-UMGIKAS2" failures="0" tests="1" name="api.CreateUserAPITest" time="25.882" errors="0" timestamp="2025-07-13T17:33:19 IST" skipped="0">
  <testcase classname="api.CreateUserAPITest" name="testCreateUser" time="25.882"/>
  <system-out/>
</testsuite> <!-- api.CreateUserAPITest -->
