<?xml version="1.0" encoding="UTF-8"?>
<!-- Generated by org.testng.reporters.JUnitReportReporter -->
<testsuite hostname="LAPTOP-UMGIKAS2" failures="0" tests="1" name="api.GetUserAPITest" time="26.755" errors="0" timestamp="2025-07-13T17:33:19 IST" skipped="0">
  <testcase classname="api.GetUserAPITest" name="testGetUser" time="26.755"/>
  <system-out/>
</testsuite> <!-- api.GetUserAPITest -->
