<?xml version="1.0" encoding="UTF-8"?>
<!-- Generated by org.testng.reporters.JUnitReportReporter -->
<testsuite hostname="LAPTOP-UMGIKAS2" failures="0" tests="1" name="testcases.E2EFlowTest" time="18.172" errors="0" timestamp="2025-09-10T16:02:08 IST" skipped="0">
  <testcase classname="testcases.E2EFlowTest" name="loginAddToCartCheckout" time="18.172"/>
  <system-out/>
</testsuite> <!-- testcases.E2EFlowTest -->
