<?xml version="1.0" encoding="UTF-8"?>
<!-- Generated by org.testng.reporters.JUnitReportReporter -->
<testsuite hostname="LAPTOP-UMGIKAS2" failures="0" tests="1" name="testcases.E2EFlowTest" time="27.890" errors="0" timestamp="2025-09-09T17:47:10 IST" skipped="0">
  <testcase classname="testcases.E2EFlowTest" name="loginAddToCartCheckout" time="27.890"/>
  <system-out/>
</testsuite> <!-- testcases.E2EFlowTest -->
