<?xml version="1.0" encoding="UTF-8"?>
<!-- Generated by org.testng.reporters.JUnitReportReporter -->
<testsuite hostname="LAPTOP-UMGIKAS2" failures="0" tests="1" name="com.selenium_automation_framework.LoginTest" time="9.009" errors="0" timestamp="2025-07-11T10:48:37 IST" skipped="0">
  <testcase classname="com.selenium_automation_framework.LoginTest" name="validLoginTest" time="9.009"/>
  <system-out/>
</testsuite> <!-- com.selenium_automation_framework.LoginTest -->
