<?xml version="1.0" encoding="UTF-8"?>
<!-- Generated by org.testng.reporters.JUnitReportReporter -->
<testsuite hostname="LAPTOP-UMGIKAS2" failures="0" tests="3" name="api.NegativeLoginAPITest" time="15.685" errors="0" timestamp="2025-07-14T12:01:20 IST" skipped="0">
  <testcase classname="api.NegativeLoginAPITest" name="testInvalidEndpoint" time="6.612"/>
  <system-out/>
  <testcase classname="api.NegativeLoginAPITest" name="testMissingEmailAndPassword" time="3.921"/>
  <system-out/>
  <testcase classname="api.NegativeLoginAPITest" name="testMissingPassword" time="5.152"/>
  <system-out/>
</testsuite> <!-- api.NegativeLoginAPITest -->
