<?xml version="1.0" encoding="UTF-8"?>
<!-- Generated by org.testng.reporters.JUnitReportReporter -->
<testsuite hostname="LAPTOP-UMGIKAS2" failures="0" tests="1" name="api.UserApiTest" time="4.799" errors="0" timestamp="2025-07-12T11:53:55 IST" skipped="0">
  <testcase classname="api.UserApiTest" name="verifyGetUser" time="4.799"/>
  <system-out/>
</testsuite> <!-- api.UserApiTest -->
