<?xml version="1.0" encoding="UTF-8"?>
<!-- Generated by org.testng.reporters.JUnitReportReporter -->
<testsuite hostname="LAPTOP-UMGIKAS2" failures="0" tests="1" name="api.UserApiTest" time="5.662" errors="0" timestamp="2025-07-12T12:48:06 IST" skipped="0">
  <testcase classname="api.UserApiTest" name="verifyGetUser" time="5.662"/>
  <system-out/>
</testsuite> <!-- api.UserApiTest -->
