<?xml version="1.0" encoding="UTF-8"?>
<!-- Generated by org.testng.reporters.JUnitReportReporter -->
<testsuite hostname="LAPTOP-UMGIKAS2" failures="0" tests="3" name="testcases.InvalidLoginTest" time="14.850" errors="0" timestamp="2025-09-09T13:55:47 IST" skipped="0">
  <testcase classname="testcases.InvalidLoginTest" name="loginWithInvalidCredentials" time="3.914"/>
  <system-out/>
  <testcase classname="testcases.InvalidLoginTest" name="loginWithInvalidCredentials" time="3.420"/>
  <system-out/>
  <testcase classname="testcases.InvalidLoginTest" name="loginWithInvalidCredentials" time="7.516"/>
  <system-out/>
</testsuite> <!-- testcases.InvalidLoginTest -->
