<?xml version="1.0" encoding="UTF-8"?>
<!-- Generated by org.testng.reporters.JUnitReportReporter -->
<testsuite hostname="LAPTOP-UMGIKAS2" failures="0" tests="3" name="testcases.ValidLoginTest" time="40.674" errors="0" timestamp="2025-09-10T19:00:57 IST" skipped="0">
  <testcase classname="testcases.ValidLoginTest" name="loginWithMultipleUsers" time="11.774"/>
  <system-out/>
  <testcase classname="testcases.ValidLoginTest" name="loginWithMultipleUsers" time="14.331"/>
  <system-out/>
  <testcase classname="testcases.ValidLoginTest" name="loginWithMultipleUsers" time="14.569"/>
  <system-out/>
</testsuite> <!-- testcases.ValidLoginTest -->
