<?xml version="1.0" encoding="UTF-8"?>
<!-- Generated by org.testng.reporters.JUnitReportReporter -->
<testsuite hostname="LAPTOP-UMGIKAS2" failures="0" tests="3" name="testcases.InvalidLoginTest" time="21.902" errors="0" timestamp="2025-09-10T18:21:16 IST" skipped="0">
  <testcase classname="testcases.InvalidLoginTest" name="loginWithInvalidCredentials" time="9.142"/>
  <system-out/>
  <testcase classname="testcases.InvalidLoginTest" name="loginWithInvalidCredentials" time="8.375"/>
  <system-out/>
  <testcase classname="testcases.InvalidLoginTest" name="loginWithInvalidCredentials" time="4.385"/>
  <system-out/>
</testsuite> <!-- testcases.InvalidLoginTest -->
