<?xml version="1.0" encoding="UTF-8"?>
<!-- Generated by org.testng.reporters.JUnitReportReporter -->
<testsuite hostname="LAPTOP-UMGIKAS2" failures="0" tests="3" name="testcases.InvalidLoginTest" time="17.041" errors="0" timestamp="2025-09-09T17:36:41 IST" skipped="0">
  <testcase classname="testcases.InvalidLoginTest" name="loginWithInvalidCredentials" time="3.951"/>
  <system-out/>
  <testcase classname="testcases.InvalidLoginTest" name="loginWithInvalidCredentials" time="7.087"/>
  <system-out/>
  <testcase classname="testcases.InvalidLoginTest" name="loginWithInvalidCredentials" time="6.003"/>
  <system-out/>
</testsuite> <!-- testcases.InvalidLoginTest -->
