<?xml version="1.0" encoding="UTF-8"?>
<!-- Generated by org.testng.reporters.JUnitReportReporter -->
<testsuite hostname="LAPTOP-UMGIKAS2" failures="0" tests="1" name="tests.LoginTest" time="13.360" errors="0" timestamp="2025-07-11T15:40:03 IST" skipped="0">
  <testcase classname="tests.LoginTest" name="validLoginTest" time="13.360"/>
  <system-out/>
</testsuite> <!-- tests.LoginTest -->
