<?xml version="1.0" encoding="UTF-8"?>
<!-- Generated by org.testng.reporters.JUnitReportReporter -->
<testsuite hostname="LAPTOP-UMGIKAS2" failures="0" tests="3" name="testcases.ValidLoginTest" time="70.137" errors="0" timestamp="2025-09-10T18:21:16 IST" skipped="0">
  <testcase classname="testcases.ValidLoginTest" name="loginWithMultipleUsers" time="22.940"/>
  <system-out/>
  <testcase classname="testcases.ValidLoginTest" name="loginWithMultipleUsers" time="25.445"/>
  <system-out/>
  <testcase classname="testcases.ValidLoginTest" name="loginWithMultipleUsers" time="21.752"/>
  <system-out/>
</testsuite> <!-- testcases.ValidLoginTest -->
