<?xml version="1.0" encoding="UTF-8"?>
<!-- Generated by org.testng.reporters.JUnitReportReporter -->
<testsuite hostname="LAPTOP-UMGIKAS2" failures="0" tests="1" name="api.UpdateUserAPITest" time="2.710" errors="0" timestamp="2025-08-25T14:47:37 IST" skipped="0">
  <testcase classname="api.UpdateUserAPITest" name="testUpdateUser" time="2.710"/>
  <system-out/>
</testsuite> <!-- api.UpdateUserAPITest -->
