<?xml version="1.0" encoding="UTF-8"?>
<!-- Generated by org.testng.reporters.JUnitReportReporter -->
<testsuite hostname="LAPTOP-UMGIKAS2" failures="0" tests="3" name="testcases.InvalidLoginTest" time="14.743" errors="0" timestamp="2025-09-10T16:04:23 IST" skipped="0">
  <testcase classname="testcases.InvalidLoginTest" name="loginWithInvalidCredentials" time="5.200"/>
  <system-out/>
  <testcase classname="testcases.InvalidLoginTest" name="loginWithInvalidCredentials" time="5.088"/>
  <system-out/>
  <testcase classname="testcases.InvalidLoginTest" name="loginWithInvalidCredentials" time="4.455"/>
  <system-out/>
</testsuite> <!-- testcases.InvalidLoginTest -->
