<?xml version="1.0" encoding="UTF-8"?>
<!-- Generated by org.testng.reporters.JUnitReportReporter -->
<testsuite hostname="LAPTOP-UMGIKAS2" failures="0" tests="3" name="api.NegativeLoginAPITest" time="7.970" errors="0" timestamp="2025-08-25T14:47:37 IST" skipped="0">
  <testcase classname="api.NegativeLoginAPITest" name="testMissingEmailAndPassword" time="2.905"/>
  <system-out/>
  <testcase classname="api.NegativeLoginAPITest" name="testMissingPassword" time="2.496"/>
  <system-out/>
  <testcase classname="api.NegativeLoginAPITest" name="testInvalidEndpoint" time="2.569"/>
  <system-out/>
</testsuite> <!-- api.NegativeLoginAPITest -->
