<?xml version="1.0" encoding="UTF-8"?>
<!-- Generated by org.testng.reporters.JUnitReportReporter -->
<testsuite hostname="LAPTOP-UMGIKAS2" failures="0" tests="1" name="api.UserApiTest" time="0.329" errors="0" timestamp="2025-08-25T14:47:37 IST" skipped="0">
  <testcase classname="api.UserApiTest" name="verifyGetUser" time="0.329"/>
  <system-out/>
</testsuite> <!-- api.UserApiTest -->
