<?xml version="1.0" encoding="UTF-8"?>
<!-- Generated by org.testng.reporters.JUnitReportReporter -->
<testsuite hostname="LAPTOP-UMGIKAS2" failures="0" tests="3" name="testcases.ValidLoginTest" time="55.111" errors="0" timestamp="2025-09-10T16:04:23 IST" skipped="0">
  <testcase classname="testcases.ValidLoginTest" name="loginWithMultipleUsers" time="19.109"/>
  <system-out/>
  <testcase classname="testcases.ValidLoginTest" name="loginWithMultipleUsers" time="15.958"/>
  <system-out/>
  <testcase classname="testcases.ValidLoginTest" name="loginWithMultipleUsers" time="20.044"/>
  <system-out/>
</testsuite> <!-- testcases.ValidLoginTest -->
